[function toISOString() { [native code] }] GET - /products
[2025-04-29T23:49:48.490Z] GET - /products
[2025-04-30T00:10:06.545Z] GET - /users
[2025-04-30T00:10:12.392Z] GET - /users
[2025-04-30T00:10:21.495Z] GET - /products
[2025-04-30T00:10:25.426Z] GET - /products
[2025-04-30T00:10:26.673Z] GET - /products
[2025-04-30T00:10:27.668Z] GET - /products
[2025-04-30T00:10:28.544Z] GET - /products
[2025-04-30T00:10:29.483Z] GET - /products
[2025-04-30T00:10:30.448Z] GET - /products
[2025-04-30T00:10:31.504Z] GET - /products
[2025-04-30T00:10:32.684Z] GET - /products
[2025-04-30T00:33:51.462Z] OPTIONS - /auth/login
[2025-04-30T00:34:12.498Z] OPTIONS - /auth/login
[2025-04-30T00:37:29.697Z] OPTIONS - /auth/login
[2025-04-30T00:37:29.750Z] POST - /auth/login
[2025-04-30T00:37:29.934Z] OPTIONS - /products
[2025-04-30T00:37:29.968Z] OPTIONS - /products
[2025-04-30T00:37:29.973Z] GET - /products
[2025-04-30T00:37:30.003Z] GET - /products
[2025-04-30T00:41:08.862Z] OPTIONS - /auth/login
[2025-04-30T00:41:08.865Z] POST - /auth/login
[2025-04-30T00:41:09.034Z] OPTIONS - /products
[2025-04-30T00:41:09.036Z] OPTIONS - /products
[2025-04-30T00:41:09.038Z] GET - /products
[2025-04-30T00:41:09.045Z] GET - /products
[2025-04-30T00:41:09.048Z] GET - /products
[2025-04-30T00:45:38.781Z] OPTIONS - /auth/login
[2025-04-30T00:45:38.787Z] POST - /auth/login
[2025-04-30T00:45:38.996Z] OPTIONS - /products
[2025-04-30T00:45:39.001Z] OPTIONS - /products
[2025-04-30T00:45:39.003Z] GET - /products
[2025-04-30T00:45:39.011Z] GET - /products
[2025-04-30T00:49:37.468Z] OPTIONS - /auth/login
[2025-04-30T00:49:37.473Z] POST - /auth/login
[2025-04-30T00:49:40.363Z] POST - /auth/login
[2025-04-30T00:49:51.873Z] OPTIONS - /auth/login
[2025-04-30T00:49:51.878Z] POST - /auth/login
[2025-04-30T00:50:04.201Z] OPTIONS - /auth/login
[2025-04-30T00:50:13.560Z] OPTIONS - /auth/login
[2025-04-30T00:50:39.484Z] OPTIONS - /auth/login
[2025-04-30T00:50:39.544Z] POST - /auth/login
[2025-04-30T00:50:41.769Z] POST - /auth/login
[2025-04-30T00:50:43.019Z] POST - /auth/login
[2025-04-30T00:50:47.980Z] OPTIONS - /auth/login
[2025-04-30T00:50:47.983Z] POST - /auth/login
[2025-04-30T00:51:11.059Z] OPTIONS - /auth/login
[2025-04-30T00:51:11.064Z] POST - /auth/login
[2025-04-30T00:51:46.175Z] OPTIONS - /auth/login
[2025-04-30T00:51:46.181Z] POST - /auth/login
[2025-04-30T00:53:08.554Z] OPTIONS - /auth/login
[2025-04-30T00:53:08.593Z] POST - /auth/login
[2025-04-30T00:53:09.920Z] POST - /auth/login
[2025-04-30T00:53:25.705Z] OPTIONS - /auth/login
[2025-04-30T00:53:25.710Z] POST - /auth/login
[2025-04-30T00:54:00.158Z] OPTIONS - /auth/login
[2025-04-30T00:54:00.161Z] POST - /auth/login
[2025-04-30T00:54:00.293Z] OPTIONS - /products
[2025-04-30T00:54:00.295Z] OPTIONS - /products
[2025-04-30T00:54:00.297Z] GET - /products
[2025-04-30T00:54:00.311Z] GET - /products
[2025-04-30T00:54:03.991Z] OPTIONS - /products/1
[2025-04-30T00:54:03.993Z] OPTIONS - /products/1
[2025-04-30T00:54:03.996Z] GET - /products/1
[2025-04-30T00:54:04.003Z] GET - /products/1
[2025-04-30T00:54:09.637Z] OPTIONS - /products
[2025-04-30T00:54:09.640Z] OPTIONS - /products
[2025-04-30T00:54:09.643Z] GET - /products
[2025-04-30T00:54:09.653Z] GET - /products
[2025-04-30T00:54:10.732Z] OPTIONS - /products/2
[2025-04-30T00:54:10.731Z] OPTIONS - /products/2
[2025-04-30T00:54:10.734Z] GET - /products/2
[2025-04-30T00:54:10.740Z] GET - /products/2
[2025-04-30T00:54:12.575Z] GET - /products
[2025-04-30T00:54:12.580Z] GET - /products
[2025-04-30T00:54:13.299Z] OPTIONS - /products/3
[2025-04-30T00:54:13.300Z] OPTIONS - /products/3
[2025-04-30T00:54:13.303Z] GET - /products/3
[2025-04-30T00:54:13.309Z] GET - /products/3
